<?xml version="1.0" encoding="UTF-8"?>
<testng-results skipped="0" failed="0" ignored="0" total="1" passed="1">
  <reporter-output>
  </reporter-output>
  <suite name="Suite" duration-ms="12417" started-at="2018-05-23T06:14:46Z" finished-at="2018-05-23T06:14:59Z">
    <groups>
    </groups>
    <test name="Test" duration-ms="12417" started-at="2018-05-23T06:14:46Z" finished-at="2018-05-23T06:14:59Z">
      <class name="kiran.goud">
        <test-method status="PASS" signature="face()[pri:0, instance:kiran.goud@436e852b]" name="face" duration-ms="12343" started-at="2018-05-23T06:14:46Z" finished-at="2018-05-23T06:14:59Z">
          <reporter-output>
          </reporter-output>
        </test-method> <!-- face -->
      </class> <!-- kiran.goud -->
    </test> <!-- Test -->
  </suite> <!-- Suite -->
</testng-results>
